
------------------------------------
  Logging start.  ## CURRENT TIME  : [1/31, 2016   15:9  10.490]  ## COMMAND LINE  : 
cmd /C "gen_csini.exe"
------------------------------------
[STD-IN] : C:\ARMDevelopment\STM32 Projects\F103\STM32-F103-BasicSensor-V1\.metadata\.plugins\sst.csgp\bin\env_vars.txt
GUI is waiting for subprocess to be done...
Execution done. EXIT CODE = 0
  Logging finished.  ## CURRENT TIME  : [1/31, 2016   15:9  13.169]
------------------------------------

------------------------------------
  Logging start.  ## CURRENT TIME  : [2/1, 2016   5:46  18.872]  ## COMMAND LINE  : 
cmd /C "gen_csini.exe"
------------------------------------
[STD-IN] : C:\ARMDevelopment\STM32 Projects\F103\STM32-F103-BasicSensor-V1\.metadata\.plugins\sst.csgp\bin\env_vars.txt
GUI is waiting for subprocess to be done...
Execution done. EXIT CODE = 0
  Logging finished.  ## CURRENT TIME  : [2/1, 2016   5:46  21.806]
------------------------------------

------------------------------------
  Logging start.  ## CURRENT TIME  : [2/2, 2016   6:28  45.439]  ## COMMAND LINE  : 
cmd /C "gen_csini.exe"
------------------------------------
[STD-IN] : C:\ARMDevelopment\STM32 Projects\F103\STM32-F103-BasicSensor-V1\.metadata\.plugins\sst.csgp\bin\env_vars.txt
GUI is waiting for subprocess to be done...
Execution done. EXIT CODE = 0
  Logging finished.  ## CURRENT TIME  : [2/2, 2016   6:28  48.88]
------------------------------------
